<?xml version="1.0" encoding="UTF-8"?>
<Response>
    <Say>Hello Jess. John told me to tell you that he loves you very much.</Say>
    <Say>Have a great day!</Say>
</Response>
